Removed Pin From Net: NetName=5V Pin=C7-2
Removed Pin From Net: NetName=5V Pin=C8-2
Removed Pin From Net: NetName=5V Pin=C9-2
Removed Pin From Net: NetName=5V Pin=C10-2
Removed Pin From Net: NetName=5V Pin=C15-2
Removed Pin From Net: NetName=5V Pin=C16-2
Removed Pin From Net: NetName=5V Pin=C17-2
Removed Pin From Net: NetName=5V Pin=C18-2
Removed Pin From Net: NetName=5V Pin=U2-7
Removed Pin From Net: NetName=5V Pin=U3-7
Removed Pin From Net: NetName=5V Pin=U5-7
Removed Pin From Net: NetName=5V Pin=U6-7
Change Component Footprint: Designator=C5 Old Footprint=WCAP-ASLU_D4H5.5 New Footprint=WCAP-ASLU_D4H5.5
Added Pin To Net: NetName=VCC Pin=C7-2
Added Pin To Net: NetName=VCC Pin=C8-2
Added Pin To Net: NetName=VCC Pin=C9-2
Added Pin To Net: NetName=VCC Pin=C10-2
Added Pin To Net: NetName=VCC Pin=C15-2
Added Pin To Net: NetName=VCC Pin=C16-2
Added Pin To Net: NetName=VCC Pin=C17-2
Added Pin To Net: NetName=VCC Pin=C18-2
Added Pin To Net: NetName=VCC Pin=U2-7
Added Pin To Net: NetName=VCC Pin=U3-7
Added Pin To Net: NetName=VCC Pin=U5-7
Added Pin To Net: NetName=VCC Pin=U6-7
Added Room: Name=H_Bridge
